--- Job GAMS_Graph_Pyrolysis2.gms Start 10/14/25 15:55:58 49.6.1 55d34574 WEX-WEI x86 64bit/MS Windows
--- Applying:
    C:\GAMS\49\gmsprmNT.txt
--- GAMS Parameters defined
    Input C:\Users\ronnie\Documents\GAMS\Studio\workspace\Pyro\GAMS_Graph_Pyrolysis2.gms
    ScrDir C:\Users\ronnie\Documents\GAMS\Studio\workspace\Pyro\225a\
    SysDir C:\GAMS\49\
    CurDir C:\Users\ronnie\Documents\GAMS\Studio\workspace\Pyro\
    LogOption 3
    Trace C:\Users\ronnie\Documents\GAMS\Studio\workspace\Pyro\_scenTrc.trc
    InputDir1 C:\Users\ronnie\Documents\GAMS\Studio\workspace\Pyro\
    TraceOpt 3
    ExecMode 0
    LstTitleLeftAligned 1
    IDCGDXInput _miro_gdxin_.gdx
    IDCGDXOutput _miro_gdxout_.gdx
Licensee: Large MUD - 20 User License                    S231215|0002AN-WIN
          Leibniz-Zentrum fuer Agrarlandschaftsforschung (ZALF) e. V.DC8734
          C:\Users\ronnie\Documents\GAMS\gamslice.txt
          License Admin: Peter Zander, Peter.Zander@zalf.de                
          The maintenance period of the license will expire on Apr 03, 2026
System information: 10 physical cores and 16 Gb memory detected
GAMS 49.6.1   Copyright (C) 1987-2025 GAMS Development. All rights reserved
--- Starting compilation
--- GAMS_Graph_Pyrolysis2.gms(3) 2 Mb
--- GDXin=C:\Users\ronnie\Documents\GAMS\Studio\workspace\Pyro\_miro_gdxin_.gdx
--- GDX File ($gdxIn) C:\Users\ronnie\Documents\GAMS\Studio\workspace\Pyro\_miro_gdxin_.gdx
--- GAMS_Graph_Pyrolysis2.gms(130) 3 Mb
--- Starting execution: elapsed 0:00:00.038
--- GAMS_Graph_Pyrolysis2.gms(35) 4 Mb
--- Generating LP model BiocharProfit
--- GAMS_Graph_Pyrolysis2.gms(36) 4 Mb 1 Error
---   1 rows  1 columns  1 non-zeroes
--- Range statistics (absolute non-zero finite values)
--- RHS       [min, max] : [        NA,        NA]
--- Bound     [min, max] : [        NA,        NA]
--- Matrix    [min, max] : [ 1.000E+00, 1.000E+00]
*** Model structure has 1 data errors
*** SOLVE aborted
--- GDX File C:\Users\ronnie\Documents\GAMS\Studio\workspace\Pyro\_miro_gdxout_.gdx
--- GAMS_Graph_Pyrolysis2.gms(36) 4 Mb 1 Error
*** Status: Execution error(s)
--- Job GAMS_Graph_Pyrolysis2.gms Stop 10/14/25 15:55:58 elapsed 0:00:00.067
