
--- Job DistCost_Base.gms Start 08/26/25 10:22:14 49.6.1 55d34574 WEX-WEI x86 64bit/MS Windows
--- Applying:
    C:\GAMS\49\gmsprmNT.txt
--- GAMS Parameters defined
    Input C:\Users\ronnie\Documents\GAMS\Studio\workspace\Pyro\DistCost_Base.gms
    PageSize 0
    Action C
    ScrDir C:\Users\ronnie\Documents\GAMS\Studio\workspace\Pyro\225a\
    SysDir C:\GAMS\49\
    LogOption 3
    ErrMsg 1
    Reference C:\Users\ronnie\Documents\GAMS\Studio\workspace\Pyro\DistCost_Base.ref
    ErrorLog 99
    IDE 1
    GDX C:\Users\ronnie\Documents\GAMS\Studio\workspace\Pyro\DistCost_Base.gdx
    LstTitleLeftAligned 1
Licensee: Large MUD - 20 User License                    S231215|0002AN-WIN
          Leibniz-Zentrum fuer Agrarlandschaftsforschung (ZALF) e. V.DC8734
          C:\Users\ronnie\Documents\GAMS\gamslice.txt
          License Admin: Peter Zander, Peter.Zander@zalf.de                
          The maintenance period of the license will expire on Apr 03, 2026
System information: 10 physical cores and 16 Gb memory detected
GAMS 49.6.1   Copyright (C) 1987-2025 GAMS Development. All rights reserved
--- Starting compilation
--- DistCost_Base.gms(56) 3 Mb 2 Errors
*** Error 148 in C:\Users\ronnie\Documents\GAMS\Studio\workspace\Pyro\DistCost_Base.gms
    Dimension different - The symbol is referenced with more/less
       indices as declared
*** Error 148 in C:\Users\ronnie\Documents\GAMS\Studio\workspace\Pyro\DistCost_Base.gms
    Dimension different - The symbol is referenced with more/less
       indices as declared
--- DistCost_Base.gms(74) 3 Mb 3 Errors
*** Error 148 in C:\Users\ronnie\Documents\GAMS\Studio\workspace\Pyro\DistCost_Base.gms
    Dimension different - The symbol is referenced with more/less
       indices as declared
--- DistCost_Base.gms(75) 3 Mb 4 Errors
*** Error 148 in C:\Users\ronnie\Documents\GAMS\Studio\workspace\Pyro\DistCost_Base.gms
    Dimension different - The symbol is referenced with more/less
       indices as declared
--- DistCost_Base.gms(89) 3 Mb 5 Errors
*** Error 257 in C:\Users\ronnie\Documents\GAMS\Studio\workspace\Pyro\DistCost_Base.gms
    Solve statement not checked because of previous errors
--- DistCost_Base.gms(91) 3 Mb 11 Errors
*** Error 141 in C:\Users\ronnie\Documents\GAMS\Studio\workspace\Pyro\DistCost_Base.gms
    Symbol declared but no values have been assigned. Check for missing
       data definition, assignment, data loading or implicit assignment
       via a solve statement. Suppress with $onImplicitAssign.
       A wild shot: You may have spurious commas in the explanatory
       text of a declaration. Check symbol reference list.
*** Error 141 in C:\Users\ronnie\Documents\GAMS\Studio\workspace\Pyro\DistCost_Base.gms
    Symbol declared but no values have been assigned. Check for missing
       data definition, assignment, data loading or implicit assignment
       via a solve statement. Suppress with $onImplicitAssign.
       A wild shot: You may have spurious commas in the explanatory
       text of a declaration. Check symbol reference list.
*** Error 141 in C:\Users\ronnie\Documents\GAMS\Studio\workspace\Pyro\DistCost_Base.gms
    Symbol declared but no values have been assigned. Check for missing
       data definition, assignment, data loading or implicit assignment
       via a solve statement. Suppress with $onImplicitAssign.
       A wild shot: You may have spurious commas in the explanatory
       text of a declaration. Check symbol reference list.
*** Error 141 in C:\Users\ronnie\Documents\GAMS\Studio\workspace\Pyro\DistCost_Base.gms
    Symbol declared but no values have been assigned. Check for missing
       data definition, assignment, data loading or implicit assignment
       via a solve statement. Suppress with $onImplicitAssign.
       A wild shot: You may have spurious commas in the explanatory
       text of a declaration. Check symbol reference list.
*** Error 141 in C:\Users\ronnie\Documents\GAMS\Studio\workspace\Pyro\DistCost_Base.gms
    Symbol declared but no values have been assigned. Check for missing
       data definition, assignment, data loading or implicit assignment
       via a solve statement. Suppress with $onImplicitAssign.
       A wild shot: You may have spurious commas in the explanatory
       text of a declaration. Check symbol reference list.
*** Error 141 in C:\Users\ronnie\Documents\GAMS\Studio\workspace\Pyro\DistCost_Base.gms
    Symbol declared but no values have been assigned. Check for missing
       data definition, assignment, data loading or implicit assignment
       via a solve statement. Suppress with $onImplicitAssign.
       A wild shot: You may have spurious commas in the explanatory
       text of a declaration. Check symbol reference list.
--- RefFile C:\Users\ronnie\Documents\GAMS\Studio\workspace\Pyro\DistCost_Base.ref
--- GDX File C:\Users\ronnie\Documents\GAMS\Studio\workspace\Pyro\DistCost_Base.gdx
--- DistCost_Base.gms(91) 3 Mb 11 Errors
*** Status: Compilation error(s)
--- Job DistCost_Base.gms Stop 08/26/25 10:22:14 elapsed 0:00:00.151
